TN:
SF:/Users/ismar/repos/beads-uninstaller/beads-uninstaller.sh
DA:14,0
DA:17,0
DA:18,0
DA:19,0
DA:20,0
DA:22,0
DA:25,0
DA:26,0
DA:27,0
DA:28,0
DA:32,0
DA:33,0
DA:34,0
DA:35,0
DA:36,0
DA:39,0
DA:42,2
DA:43,0
DA:45,0
DA:47,0
DA:49,0
DA:51,0
DA:52,0
DA:54,0
DA:55,0
DA:57,0
DA:58,0
DA:59,0
DA:60,0
DA:61,0
DA:62,0
DA:66,4
DA:70,32
DA:74,244
DA:78,22
DA:82,6
DA:86,36
DA:87,31
DA:88,31
DA:90,5
DA:93,36
DA:94,2
DA:95,50
DA:96,0
DA:101,201
DA:102,201
DA:103,188
DA:104,374
DA:105,187
DA:106,187
DA:108,0
DA:109,0
DA:110,0
DA:112,0
DA:113,0
DA:116,218
DA:119,13
DA:120,18
DA:125,28
DA:126,28
DA:127,28
DA:128,25
DA:129,25
DA:131,3
DA:133,40
DA:137,39
DA:138,40
DA:139,38
DA:143,29
DA:144,29
DA:146,29
DA:147,4
DA:148,1
DA:150,3
DA:151,3
DA:155,29
DA:156,1
DA:157,0
DA:159,1
DA:160,1
DA:164,29
DA:165,25
DA:167,25
DA:169,25
DA:170,25
DA:173,0
DA:177,25
DA:178,0
DA:179,0
DA:181,0
DA:188,22
DA:189,23
DA:191,21
DA:192,126
DA:193,126
DA:194,126
DA:195,26
DA:196,25
DA:197,25
DA:201,126
DA:202,378
DA:203,380
DA:204,2
DA:211,20
DA:212,20
DA:213,21
DA:215,19
DA:217,19
DA:218,19
DA:219,18
DA:220,17
DA:222,1
DA:225,19
DA:229,19
DA:230,19
DA:231,20
DA:233,18
DA:235,18
DA:236,0
DA:239,0
DA:240,0
DA:241,0
DA:242,0
DA:243,0
DA:244,0
DA:245,0
DA:247,0
DA:249,18
DA:250,18
DA:251,1
DA:253,17
DA:256,18
DA:260,22
DA:261,23
DA:263,21
DA:264,0
DA:265,0
DA:268,21
DA:269,0
DA:270,0
DA:271,0
DA:273,0
DA:276,0
DA:278,0
DA:279,0
DA:280,0
DA:284,0
DA:285,0
DA:286,0
DA:288,0
DA:290,0
DA:291,0
DA:294,0
DA:296,0
DA:299,0
DA:300,0
DA:303,0
DA:304,0
DA:305,0
DA:306,0
DA:309,0
DA:311,0
DA:315,51
DA:316,51
DA:317,64
DA:319,38
DA:320,0
DA:321,0
DA:324,38
DA:325,0
DA:327,0
DA:328,0
DA:329,0
DA:331,0
DA:332,0
DA:334,0
DA:335,0
DA:338,0
DA:340,0
DA:341,0
DA:342,0
DA:343,0
DA:344,0
DA:347,0
DA:348,0
DA:350,0
DA:351,0
DA:352,0
DA:353,0
DA:354,0
DA:356,0
DA:358,0
DA:360,0
DA:361,0
DA:362,0
DA:363,0
DA:364,0
DA:365,0
DA:366,0
DA:368,0
DA:369,0
DA:370,0
DA:371,0
DA:373,0
DA:374,0
DA:375,0
DA:376,0
DA:377,0
DA:378,0
DA:379,0
DA:382,0
DA:384,0
DA:385,0
DA:386,0
DA:387,0
DA:388,0
DA:389,0
DA:391,0
DA:393,0
DA:396,0
DA:397,0
DA:398,0
DA:403,0
DA:405,0
DA:409,51
DA:410,52
DA:411,100
DA:412,46
DA:417,16
DA:418,16
DA:420,16
DA:421,32
DA:422,32
DA:424,0
DA:425,0
DA:426,0
DA:427,0
DA:428,0
DA:429,0
DA:430,0
DA:431,0
DA:432,0
DA:436,0
DA:442,17
DA:443,18
DA:446,16
DA:449,16
DA:452,16
DA:453,16
DA:454,16
DA:456,16
DA:457,16
DA:459,16
DA:460,16
DA:461,15
DA:464,16
DA:465,16
DA:467,16
DA:468,16
DA:469,16
DA:472,16
DA:473,16
DA:474,16
DA:477,16
DA:478,16
DA:479,32
DA:481,16
DA:482,16
DA:484,16
DA:486,16
DA:489,16
DA:490,48
DA:491,16
DA:492,0
DA:493,0
DA:494,0
DA:496,0
DA:497,0
DA:498,0
DA:503,16
DA:504,16
DA:505,16
DA:508,16
DA:509,16
DA:512,16
DA:513,0
DA:519,16
DA:520,16
DA:522,16
DA:523,16
DA:528,11
DA:529,11
DA:530,32
DA:532,11
DA:534,1
DA:535,0
DA:537,10
DA:538,2
DA:541,19
DA:543,3
DA:545,3
DA:546,0
DA:549,0
DA:550,0
DA:551,0
DA:552,0
DA:554,0
DA:556,3
DA:557,3
DA:558,2
DA:560,1
DA:563,3
DA:567,8
DA:568,1
DA:571,7
DA:573,7
DA:574,7
DA:575,7
DA:577,7
DA:578,2
DA:581,7
DA:582,2
DA:586,7
DA:587,1
DA:592,5
DA:593,1
DA:596,4
DA:598,4
DA:601,4
DA:602,0
DA:603,0
DA:605,0
DA:609,16
DA:610,0
DA:611,0
DA:612,0
DA:613,0
DA:614,0
DA:615,16
DA:616,3
DA:620,7
DA:621,3
DA:622,3
DA:623,3
DA:624,6
DA:625,2
DA:626,4
DA:628,1
DA:631,0
DA:636,4
DA:639,4
DA:640,8
DA:641,0
DA:645,4
DA:646,4
DA:647,0
DA:655,3
DA:656,2
DA:659,1
DA:661,1
DA:662,0
DA:663,0
DA:664,0
DA:665,0
DA:666,0
DA:667,0
DA:671,1
DA:672,1
DA:673,1
DA:674,1
DA:678,5
DA:680,6
DA:682,4
DA:686,8
DA:687,4
DA:688,4
DA:693,4
DA:694,2
DA:695,2
DA:698,2
DA:700,2
DA:701,1
DA:702,1
DA:704,1
DA:705,1
DA:708,1
DA:709,0
DA:710,0
DA:713,1
DA:714,1
DA:715,1
DA:716,3
DA:717,1
DA:719,2
DA:720,1
DA:722,0
DA:728,23
DA:729,15
DA:731,2
DA:734,5
DA:735,7
DA:739,2
DA:742,2
DA:745,2
DA:748,1
DA:749,1
DA:752,1
DA:753,1
DA:754,1
DA:757,12
DA:762,3
DA:763,3
DA:764,3
DA:765,4
DA:768,3
DA:769,3
DA:770,8
DA:772,3
DA:773,2
DA:775,2
DA:778,1
DA:783,3
DA:787,1
DA:789,1
DA:790,1
DA:791,1
DA:792,1
DA:794,3
DA:795,0
DA:797,0
DA:800,0
DA:803,3
DA:804,0
DA:807,1
DA:808,0
DA:809,0
DA:810,0
DA:811,0
DA:812,0
DA:813,0
DA:814,2
DA:815,0
DA:819,1
DA:820,0
DA:821,0
DA:822,2
DA:823,0
DA:829,11
DA:830,15
DA:832,11
DA:835,11
DA:836,1
DA:837,2
DA:838,2
DA:843,11
DA:844,1
DA:848,11
DA:849,11
DA:850,7
DA:851,14
DA:852,8
DA:853,8
DA:854,8
DA:858,11
DA:859,7
DA:861,4
DA:862,4
DA:863,7
DA:864,3
DA:867,11
DA:871,0
DA:873,0
DA:877,0
DA:878,0
DA:879,0
DA:881,0
DA:882,0
DA:884,0
DA:886,0
DA:887,0
DA:888,0
DA:892,0
DA:895,0
DA:896,0
DA:897,0
DA:899,0
DA:900,0
DA:904,0
DA:905,0
DA:906,0
DA:910,0
DA:913,0
DA:914,0
DA:915,0
DA:918,0
DA:920,0
DA:921,0
DA:924,0
DA:925,0
DA:928,0
DA:931,0
DA:932,0
LF:502
LH:279
end_of_record
